<?xml version="1.0" encoding="UTF-8"?>
<!-- Generated by org.testng.reporters.JUnitReportReporter -->
<testsuite hostname="LAPTOP-QVRLBGIQ" failures="0" tests="32" name="pages.AccountCreationPageTest" time="85.279" errors="0" timestamp="18 kwi 2021 12:10:31 GMT" skipped="0">
  <testcase classname="pages.AccountCreationPageTest" name="accCreationPageTC1" time="2.495"/>
  <testcase classname="pages.AccountCreationPageTest" name="accCreationPageTC2" time="0.381"/>
  <testcase classname="pages.AccountCreationPageTest" name="accCreationPageTC3" time="2.264"/>
  <testcase classname="pages.AccountCreationPageTest" name="accCreationPageTC4" time="3.252"/>
  <testcase classname="pages.AccountCreationPageTest" name="accCreationPageTC5" time="2.272"/>
  <testcase classname="pages.AccountCreationPageTest" name="accCreationPageTC6" time="2.788"/>
  <testcase classname="pages.AccountCreationPageTest" name="accCreationPageTC7" time="3.635"/>
  <testcase classname="pages.AccountCreationPageTest" name="accCreationPageTC8" time="2.664"/>
  <testcase classname="pages.AccountCreationPageTest" name="accCreationPageTC9" time="1.912"/>
  <testcase classname="pages.AccountCreationPageTest" name="accCreationPageTC10" time="1.854"/>
  <testcase classname="pages.AccountCreationPageTest" name="accCreationPageTC11" time="2.548"/>
  <testcase classname="pages.AccountCreationPageTest" name="accCreationPageTC12" time="0.409"/>
  <testcase classname="pages.AccountCreationPageTest" name="accCreationPageTC13" time="0.176"/>
  <testcase classname="pages.AccountCreationPageTest" name="accCreationPageTC14" time="2.533"/>
  <testcase classname="pages.AccountCreationPageTest" name="accCreationPageTC15" time="2.255"/>
  <testcase classname="pages.AccountCreationPageTest" name="accCreationPageTC16" time="3.607"/>
  <testcase classname="pages.AccountCreationPageTest" name="accCreationPageTC17" time="2.323"/>
  <testcase classname="pages.AccountCreationPageTest" name="accCreationPageTC18" time="2.553"/>
  <testcase classname="pages.AccountCreationPageTest" name="accCreationPageTC19" time="2.579"/>
  <testcase classname="pages.AccountCreationPageTest" name="accCreationPageTC20" time="2.370"/>
  <testcase classname="pages.AccountCreationPageTest" name="accCreationPageTC21" time="2.696"/>
  <testcase classname="pages.AccountCreationPageTest" name="accCreationPageTC22" time="2.339"/>
  <testcase classname="pages.AccountCreationPageTest" name="accCreationPageTC23" time="3.105"/>
  <testcase classname="pages.AccountCreationPageTest" name="accCreationPageTC24" time="2.427"/>
  <testcase classname="pages.AccountCreationPageTest" name="accCreationPageTC25" time="5.677"/>
  <testcase classname="pages.AccountCreationPageTest" name="accCreationPageTC26" time="2.159"/>
  <testcase classname="pages.AccountCreationPageTest" name="accCreationPageTC27" time="4.149"/>
  <testcase classname="pages.AccountCreationPageTest" name="accCreationPageTC28" time="2.007"/>
  <testcase classname="pages.AccountCreationPageTest" name="accCreationPageTC29" time="4.065"/>
  <testcase classname="pages.AccountCreationPageTest" name="accCreationPageTC30" time="5.168"/>
  <testcase classname="pages.AccountCreationPageTest" name="accCreationPageTC31" time="2.178"/>
  <testcase classname="pages.AccountCreationPageTest" name="accCreationPageTC32" time="4.439"/>
</testsuite> <!-- pages.AccountCreationPageTest -->
